0 info it worked if it ends with ok
1 verbose cli [ '/Users/karl/.nvm/versions/node/v6.10.0/bin/node',
1 verbose cli   '/Users/karl/.nvm/versions/node/v6.10.0/bin/npm',
1 verbose cli   'run',
1 verbose cli   'lint' ]
2 info using npm@3.10.10
3 info using node@v6.10.0
4 verbose run-script [ 'prelint', 'lint', 'postlint' ]
5 info lifecycle minesweeper_v2@1.0.0~prelint: minesweeper_v2@1.0.0
6 silly lifecycle minesweeper_v2@1.0.0~prelint: no script for prelint, continuing
7 info lifecycle minesweeper_v2@1.0.0~lint: minesweeper_v2@1.0.0
8 verbose lifecycle minesweeper_v2@1.0.0~lint: unsafe-perm in lifecycle true
9 verbose lifecycle minesweeper_v2@1.0.0~lint: PATH: /Users/karl/.nvm/versions/node/v6.10.0/lib/node_modules/npm/bin/node-gyp-bin:/Users/karl/Desktop/Redux_demo/node_modules/.bin:/Users/karl/.nvm/versions/node/v6.10.0/bin:/usr/local/bin:/usr/bin:/bin:/usr/sbin:/sbin:/opt/X11/bin:/usr/local/mysql/bin:/usr/local/mysql/bin
10 verbose lifecycle minesweeper_v2@1.0.0~lint: CWD: /Users/karl/Desktop/Redux_demo
11 silly lifecycle minesweeper_v2@1.0.0~lint: Args: [ '-c', 'eslint ./src' ]
12 silly lifecycle minesweeper_v2@1.0.0~lint: Returned: code: 1  signal: null
13 info lifecycle minesweeper_v2@1.0.0~lint: Failed to exec lint script
14 verbose stack Error: minesweeper_v2@1.0.0 lint: `eslint ./src`
14 verbose stack Exit status 1
14 verbose stack     at EventEmitter.<anonymous> (/Users/karl/.nvm/versions/node/v6.10.0/lib/node_modules/npm/lib/utils/lifecycle.js:255:16)
14 verbose stack     at emitTwo (events.js:106:13)
14 verbose stack     at EventEmitter.emit (events.js:191:7)
14 verbose stack     at ChildProcess.<anonymous> (/Users/karl/.nvm/versions/node/v6.10.0/lib/node_modules/npm/lib/utils/spawn.js:40:14)
14 verbose stack     at emitTwo (events.js:106:13)
14 verbose stack     at ChildProcess.emit (events.js:191:7)
14 verbose stack     at maybeClose (internal/child_process.js:877:16)
14 verbose stack     at Process.ChildProcess._handle.onexit (internal/child_process.js:226:5)
15 verbose pkgid minesweeper_v2@1.0.0
16 verbose cwd /Users/karl/Desktop/Redux_demo
17 error Darwin 16.6.0
18 error argv "/Users/karl/.nvm/versions/node/v6.10.0/bin/node" "/Users/karl/.nvm/versions/node/v6.10.0/bin/npm" "run" "lint"
19 error node v6.10.0
20 error npm  v3.10.10
21 error code ELIFECYCLE
22 error minesweeper_v2@1.0.0 lint: `eslint ./src`
22 error Exit status 1
23 error Failed at the minesweeper_v2@1.0.0 lint script 'eslint ./src'.
23 error Make sure you have the latest version of node.js and npm installed.
23 error If you do, this is most likely a problem with the minesweeper_v2 package,
23 error not with npm itself.
23 error Tell the author that this fails on your system:
23 error     eslint ./src
23 error You can get information on how to open an issue for this project with:
23 error     npm bugs minesweeper_v2
23 error Or if that isn't available, you can get their info via:
23 error     npm owner ls minesweeper_v2
23 error There is likely additional logging output above.
24 verbose exit [ 1, true ]
